2021-08-23 14:49:31,916 [background-preinit] INFO  o.h.validator.internal.util.Version ? - HV000001: Hibernate Validator 6.2.0.Final
2021-08-23 14:49:32,044 [main] INFO  io.metersphere.Application ? - Starting Application using Java 1.8.0_221 on hepengchongdeMacBook-Pro-2.local with PID 55550 (/Users/hepengchong/Documents/code/java/MeterSphere/backend/target/classes started by hepengchong in /Users/hepengchong/Documents/code/java/MeterSphere)
2021-08-23 14:49:32,044 [main] INFO  io.metersphere.Application ? - The following profiles are active: dev
2021-08-23 14:49:34,188 [background-preinit] WARN  o.s.h.c.j.Jackson2ObjectMapperBuilder ? - For Jackson Kotlin classes support please add "com.fasterxml.jackson.module:jackson-module-kotlin" to the classpath
2021-08-23 14:49:42,016 [main] INFO  o.s.d.r.c.RepositoryConfigurationDelegate ? - Bootstrapping Spring Data LDAP repositories in DEFAULT mode.
2021-08-23 14:49:42,674 [main] INFO  o.s.d.r.c.RepositoryConfigurationDelegate 201 - Finished Spring Data repository scanning in 637 ms. Found 0 LDAP repository interfaces.
2021-08-23 14:49:44,001 [main] INFO  o.s.c.s.PostProcessorRegistrationDelegate$BeanPostProcessorChecker ? - Bean 'shiroConfig' of type [io.metersphere.config.ShiroConfig$$EnhancerBySpringCGLIB$$57aea260] is not eligible for getting processed by all BeanPostProcessors (for example: not eligible for auto-proxying)
2021-08-23 14:49:44,059 [main] INFO  o.s.c.s.PostProcessorRegistrationDelegate$BeanPostProcessorChecker ? - Bean 'memoryConstrainedCacheManager' of type [org.apache.shiro.cache.MemoryConstrainedCacheManager] is not eligible for getting processed by all BeanPostProcessors (for example: not eligible for auto-proxying)
2021-08-23 14:49:44,086 [main] INFO  o.s.c.s.PostProcessorRegistrationDelegate$BeanPostProcessorChecker ? - Bean 'sessionManager' of type [org.apache.shiro.web.session.mgt.DefaultWebSessionManager] is not eligible for getting processed by all BeanPostProcessors (for example: not eligible for auto-proxying)
2021-08-23 14:49:44,384 [main] INFO  o.s.c.s.PostProcessorRegistrationDelegate$BeanPostProcessorChecker ? - Bean 'modularRealmAuthenticator' of type [io.metersphere.security.UserModularRealmAuthenticator] is not eligible for getting processed by all BeanPostProcessors (for example: not eligible for auto-proxying)
2021-08-23 14:49:44,388 [main] INFO  o.s.c.s.PostProcessorRegistrationDelegate$BeanPostProcessorChecker 376 - Bean 'securityManager' of type [org.apache.shiro.web.mgt.DefaultWebSecurityManager] is not eligible for getting processed by all BeanPostProcessors (for example: not eligible for auto-proxying)
2021-08-23 14:49:44,594 [main] INFO  o.s.c.s.PostProcessorRegistrationDelegate$BeanPostProcessorChecker 376 - Bean 'getAuthorizationAttributeSourceAdvisor' of type [org.apache.shiro.spring.security.interceptor.AuthorizationAttributeSourceAdvisor] is not eligible for getting processed by all BeanPostProcessors (for example: not eligible for auto-proxying)
2021-08-23 14:49:45,023 [main] INFO  o.s.c.s.PostProcessorRegistrationDelegate$BeanPostProcessorChecker ? - Bean 'org.springframework.boot.autoconfigure.jdbc.DataSourceConfiguration$Hikari' of type [org.springframework.boot.autoconfigure.jdbc.DataSourceConfiguration$Hikari] is not eligible for getting processed by all BeanPostProcessors (for example: not eligible for auto-proxying)
2021-08-23 14:49:45,055 [main] INFO  o.s.c.s.PostProcessorRegistrationDelegate$BeanPostProcessorChecker ? - Bean 'org.springframework.boot.autoconfigure.flyway.FlywayAutoConfiguration' of type [org.springframework.boot.autoconfigure.flyway.FlywayAutoConfiguration] is not eligible for getting processed by all BeanPostProcessors (for example: not eligible for auto-proxying)
2021-08-23 14:49:45,061 [main] INFO  o.s.c.s.PostProcessorRegistrationDelegate$BeanPostProcessorChecker ? - Bean 'stringOrNumberMigrationVersionConverter' of type [org.springframework.boot.autoconfigure.flyway.FlywayAutoConfiguration$StringOrNumberToMigrationVersionConverter] is not eligible for getting processed by all BeanPostProcessors (for example: not eligible for auto-proxying)
2021-08-23 14:49:45,093 [main] INFO  o.s.c.s.PostProcessorRegistrationDelegate$BeanPostProcessorChecker ? - Bean 'spring.datasource-org.springframework.boot.autoconfigure.jdbc.DataSourceProperties' of type [org.springframework.boot.autoconfigure.jdbc.DataSourceProperties] is not eligible for getting processed by all BeanPostProcessors (for example: not eligible for auto-proxying)
2021-08-23 14:49:45,296 [main] INFO  o.s.c.s.PostProcessorRegistrationDelegate$BeanPostProcessorChecker ? - Bean 'dataSource' of type [com.zaxxer.hikari.HikariDataSource] is not eligible for getting processed by all BeanPostProcessors (for example: not eligible for auto-proxying)
2021-08-23 14:49:45,356 [main] INFO  o.s.c.s.PostProcessorRegistrationDelegate$BeanPostProcessorChecker ? - Bean 'quartz-com.fit2cloud.autoconfigure.QuartzProperties' of type [com.fit2cloud.autoconfigure.QuartzProperties] is not eligible for getting processed by all BeanPostProcessors (for example: not eligible for auto-proxying)
2021-08-23 14:49:45,370 [main] INFO  o.s.c.s.PostProcessorRegistrationDelegate$BeanPostProcessorChecker ? - Bean 'com.fit2cloud.autoconfigure.QuartzAutoConfiguration' of type [com.fit2cloud.autoconfigure.QuartzAutoConfiguration$$EnhancerBySpringCGLIB$$8216a547] is not eligible for getting processed by all BeanPostProcessors (for example: not eligible for auto-proxying)
2021-08-23 14:49:45,494 [main] INFO  org.quartz.impl.StdSchedulerFactory ? - Using default implementation for ThreadExecutor
2021-08-23 14:49:45,500 [main] INFO  org.quartz.simpl.SimpleThreadPool ? - Job execution threads will use class loader of thread: main
2021-08-23 14:49:45,520 [main] INFO  o.quartz.core.SchedulerSignalerImpl ? - Initialized Scheduler Signaller of type: class org.quartz.core.SchedulerSignalerImpl
2021-08-23 14:49:45,520 [main] INFO  org.quartz.core.QuartzScheduler ? - Quartz Scheduler v.2.3.2 created.
2021-08-23 14:49:45,536 [main] INFO  com.zaxxer.hikari.HikariDataSource ? - DatebookHikariCP - Starting...
2021-08-23 14:49:46,012 [main] INFO  com.zaxxer.hikari.HikariDataSource ? - DatebookHikariCP - Start completed.
2021-08-23 14:49:46,039 [main] INFO  o.s.s.quartz.LocalDataSourceJobStore ? - Using db table-based data access locking (synchronization).
2021-08-23 14:49:46,044 [main] INFO  o.s.s.quartz.LocalDataSourceJobStore ? - JobStoreCMT initialized.
2021-08-23 14:49:46,045 [main] INFO  org.quartz.core.QuartzScheduler ? - Scheduler meta-data: Quartz Scheduler (v2.3.2) 'clusterScheduler' with instanceId 'hepengchongdeMacBook-Pro-2.local1629701385499'
  Scheduler class: 'org.quartz.core.QuartzScheduler' - running locally.
  NOT STARTED.
  Currently in standby mode.
  Number of jobs executed: 0
  Using thread pool 'org.quartz.simpl.SimpleThreadPool' - with 10 threads.
  Using job-store 'org.springframework.scheduling.quartz.LocalDataSourceJobStore' - which supports persistence. and is clustered.

2021-08-23 14:49:46,046 [main] INFO  org.quartz.impl.StdSchedulerFactory ? - Quartz scheduler 'clusterScheduler' initialized from an externally provided properties instance.
2021-08-23 14:49:46,046 [main] INFO  org.quartz.impl.StdSchedulerFactory ? - Quartz scheduler version: 2.3.2
2021-08-23 14:49:46,051 [main] INFO  org.quartz.core.QuartzScheduler ? - JobFactory set to: org.springframework.scheduling.quartz.AdaptableJobFactory@23e9dd78
2021-08-23 14:49:46,051 [main] INFO  o.s.c.s.PostProcessorRegistrationDelegate$BeanPostProcessorChecker ? - Bean 'clusterSchedulerFactoryBean' of type [org.springframework.scheduling.quartz.SchedulerFactoryBean] is not eligible for getting processed by all BeanPostProcessors (for example: not eligible for auto-proxying)
2021-08-23 14:49:46,089 [main] INFO  o.s.c.s.PostProcessorRegistrationDelegate$BeanPostProcessorChecker ? - Bean 'clusterSchedulerFactoryBean' of type [org.quartz.impl.StdScheduler] is not eligible for getting processed by all BeanPostProcessors (for example: not eligible for auto-proxying)
2021-08-23 14:49:46,115 [main] INFO  o.s.c.s.PostProcessorRegistrationDelegate$BeanPostProcessorChecker ? - Bean 'quartzTimeZone' of type [sun.util.calendar.ZoneInfo] is not eligible for getting processed by all BeanPostProcessors (for example: not eligible for auto-proxying)
2021-08-23 14:49:46,128 [main] INFO  o.s.c.s.PostProcessorRegistrationDelegate$BeanPostProcessorChecker ? - Bean 'org.apache.shiro.spring.boot.autoconfigure.ShiroBeanAutoConfiguration' of type [org.apache.shiro.spring.boot.autoconfigure.ShiroBeanAutoConfiguration$$EnhancerBySpringCGLIB$$f240bce4] is not eligible for getting processed by all BeanPostProcessors (for example: not eligible for auto-proxying)
2021-08-23 14:49:46,137 [main] INFO  o.s.c.s.PostProcessorRegistrationDelegate$BeanPostProcessorChecker ? - Bean 'eventBus' of type [org.apache.shiro.event.support.DefaultEventBus] is not eligible for getting processed by all BeanPostProcessors (for example: not eligible for auto-proxying)
2021-08-23 14:49:46,167 [main] INFO  o.s.c.s.PostProcessorRegistrationDelegate$BeanPostProcessorChecker 376 - Bean 'management.metrics-org.springframework.boot.actuate.autoconfigure.metrics.MetricsProperties' of type [org.springframework.boot.actuate.autoconfigure.metrics.MetricsProperties] is not eligible for getting processed by all BeanPostProcessors (for example: not eligible for auto-proxying)
2021-08-23 14:49:46,171 [main] INFO  o.s.c.s.PostProcessorRegistrationDelegate$BeanPostProcessorChecker ? - Bean 'org.springframework.boot.actuate.autoconfigure.metrics.data.RepositoryMetricsAutoConfiguration' of type [org.springframework.boot.actuate.autoconfigure.metrics.data.RepositoryMetricsAutoConfiguration] is not eligible for getting processed by all BeanPostProcessors (for example: not eligible for auto-proxying)
2021-08-23 14:49:46,179 [main] INFO  o.s.c.s.PostProcessorRegistrationDelegate$BeanPostProcessorChecker 376 - Bean 'org.springframework.boot.actuate.autoconfigure.metrics.export.simple.SimpleMetricsExportAutoConfiguration' of type [org.springframework.boot.actuate.autoconfigure.metrics.export.simple.SimpleMetricsExportAutoConfiguration] is not eligible for getting processed by all BeanPostProcessors (for example: not eligible for auto-proxying)
2021-08-23 14:49:46,191 [main] INFO  o.s.c.s.PostProcessorRegistrationDelegate$BeanPostProcessorChecker ? - Bean 'management.metrics.export.simple-org.springframework.boot.actuate.autoconfigure.metrics.export.simple.SimpleProperties' of type [org.springframework.boot.actuate.autoconfigure.metrics.export.simple.SimpleProperties] is not eligible for getting processed by all BeanPostProcessors (for example: not eligible for auto-proxying)
2021-08-23 14:49:46,200 [main] INFO  o.s.c.s.PostProcessorRegistrationDelegate$BeanPostProcessorChecker ? - Bean 'simpleConfig' of type [org.springframework.boot.actuate.autoconfigure.metrics.export.simple.SimplePropertiesConfigAdapter] is not eligible for getting processed by all BeanPostProcessors (for example: not eligible for auto-proxying)
2021-08-23 14:49:46,211 [main] INFO  o.s.c.s.PostProcessorRegistrationDelegate$BeanPostProcessorChecker ? - Bean 'org.springframework.boot.actuate.autoconfigure.metrics.MetricsAutoConfiguration' of type [org.springframework.boot.actuate.autoconfigure.metrics.MetricsAutoConfiguration] is not eligible for getting processed by all BeanPostProcessors (for example: not eligible for auto-proxying)
2021-08-23 14:49:46,215 [main] INFO  o.s.c.s.PostProcessorRegistrationDelegate$BeanPostProcessorChecker ? - Bean 'micrometerClock' of type [io.micrometer.core.instrument.Clock$1] is not eligible for getting processed by all BeanPostProcessors (for example: not eligible for auto-proxying)
2021-08-23 14:49:46,250 [main] INFO  o.s.c.s.PostProcessorRegistrationDelegate$BeanPostProcessorChecker ? - Bean 'simpleMeterRegistry' of type [io.micrometer.core.instrument.simple.SimpleMeterRegistry] is not eligible for getting processed by all BeanPostProcessors (for example: not eligible for auto-proxying)
2021-08-23 14:49:46,271 [main] INFO  o.s.c.s.PostProcessorRegistrationDelegate$BeanPostProcessorChecker ? - Bean 'repositoryTagsProvider' of type [org.springframework.boot.actuate.metrics.data.DefaultRepositoryTagsProvider] is not eligible for getting processed by all BeanPostProcessors (for example: not eligible for auto-proxying)
2021-08-23 14:49:46,274 [main] INFO  o.s.c.s.PostProcessorRegistrationDelegate$BeanPostProcessorChecker ? - Bean 'metricsRepositoryMethodInvocationListener' of type [org.springframework.boot.actuate.metrics.data.MetricsRepositoryMethodInvocationListener] is not eligible for getting processed by all BeanPostProcessors (for example: not eligible for auto-proxying)
2021-08-23 14:49:46,611 [main] INFO  org.eclipse.jetty.util.log ? - Logging initialized @22010ms to org.eclipse.jetty.util.log.Slf4jLog
2021-08-23 14:49:47,036 [main] INFO  o.s.b.w.e.j.JettyServletWebServerFactory ? - Server initialized with port: 8081
2021-08-23 14:49:47,046 [main] INFO  org.eclipse.jetty.server.Server ? - jetty-9.4.41.v20210516; built: 2021-05-16T23:56:28.993Z; git: 98607f93c7833e7dc59489b13f3cb0a114fb9f4c; jvm 1.8.0_221-b11
2021-08-23 14:49:47,090 [main] INFO  o.e.j.s.h.ContextHandler.application ? - Initializing Spring embedded WebApplicationContext
2021-08-23 14:49:47,090 [main] INFO  o.s.b.w.s.c.ServletWebServerApplicationContext ? - Root WebApplicationContext: initialization completed in 13549 ms
2021-08-23 14:49:47,436 [main] INFO  org.eclipse.jetty.server.session ? - DefaultSessionIdManager workerName=node0
2021-08-23 14:49:47,437 [main] INFO  org.eclipse.jetty.server.session 339 - No SessionScavenger set, using defaults
2021-08-23 14:49:47,439 [main] INFO  org.eclipse.jetty.server.session ? - node0 Scavenging every 660000ms
2021-08-23 14:49:47,451 [main] INFO  o.e.j.server.handler.ContextHandler ? - Started o.s.b.w.e.j.JettyEmbeddedWebAppContext@4713b631{application,/,[file:///private/var/folders/38/74d4vy_9311c3tf8btmwbwzc0000gn/T/jetty-docbase.8081.3423241651228250047/, jar:file:/Users/hepengchong/.m2/repository/org/webjars/swagger-ui/3.45.0/swagger-ui-3.45.0.jar!/META-INF/resources],AVAILABLE}
2021-08-23 14:49:47,451 [main] INFO  org.eclipse.jetty.server.Server ? - Started @22851ms
2021-08-23 14:49:59,115 [main] INFO  o.s.b.a.w.s.WelcomePageHandlerMapping ? - Adding welcome page: class path resource [public/index.html]
2021-08-23 14:50:02,471 [main] INFO  o.f.c.i.license.VersionPrinter ? - Flyway Community Edition 7.7.3 by Redgate
2021-08-23 14:50:02,617 [main] INFO  o.f.c.i.database.base.DatabaseType ? - Database: jdbc:mysql://10.10.8.15:3306/metersphere (MySQL 5.7)
2021-08-23 14:50:03,406 [main] INFO  o.f.core.internal.command.DbMigrate ? - Current version of schema `metersphere`: 91
2021-08-23 14:50:03,424 [main] INFO  o.f.core.internal.command.DbMigrate ? - Schema `metersphere` is up to date. No migration necessary.
2021-08-23 14:50:05,524 [main] WARN  o.s.b.a.f.FreeMarkerAutoConfiguration ? - Cannot find template location(s): [classpath:/templates/] (please add some templates, check your FreeMarker configuration, or set spring.freemarker.checkTemplateLocation=false)
2021-08-23 14:50:05,527 [main] WARN  o.s.b.a.g.t.GroovyTemplateAutoConfiguration 86 - Cannot find template location: classpath:/templates/ (please add some templates, check your Groovy configuration, or set spring.groovy.template.check-template-location=false)
2021-08-23 14:50:07,924 [main] INFO  o.a.k.c.consumer.ConsumerConfig ? - ConsumerConfig values: 
	allow.auto.create.topics = true
	auto.commit.interval.ms = 5000
	auto.offset.reset = latest
	bootstrap.servers = [10.10.8.15:9092]
	check.crcs = true
	client.dns.lookup = use_all_dns_ips
	client.id = consumer-metersphere_group_id-1
	client.rack = 
	connections.max.idle.ms = 540000
	default.api.timeout.ms = 60000
	enable.auto.commit = false
	exclude.internal.topics = true
	fetch.max.bytes = 52428800
	fetch.max.wait.ms = 500
	fetch.min.bytes = 1
	group.id = metersphere_group_id
	group.instance.id = null
	heartbeat.interval.ms = 3000
	interceptor.classes = []
	internal.leave.group.on.close = true
	internal.throw.on.fetch.stable.offset.unsupported = false
	isolation.level = read_uncommitted
	key.deserializer = class org.apache.kafka.common.serialization.StringDeserializer
	max.partition.fetch.bytes = 1048576
	max.poll.interval.ms = 300000
	max.poll.records = 500
	metadata.max.age.ms = 300000
	metric.reporters = []
	metrics.num.samples = 2
	metrics.recording.level = INFO
	metrics.sample.window.ms = 30000
	partition.assignment.strategy = [class org.apache.kafka.clients.consumer.RangeAssignor]
	receive.buffer.bytes = 65536
	reconnect.backoff.max.ms = 1000
	reconnect.backoff.ms = 50
	request.timeout.ms = 30000
	retry.backoff.ms = 100
	sasl.client.callback.handler.class = null
	sasl.jaas.config = null
	sasl.kerberos.kinit.cmd = /usr/bin/kinit
	sasl.kerberos.min.time.before.relogin = 60000
	sasl.kerberos.service.name = null
	sasl.kerberos.ticket.renew.jitter = 0.05
	sasl.kerberos.ticket.renew.window.factor = 0.8
	sasl.login.callback.handler.class = null
	sasl.login.class = null
	sasl.login.refresh.buffer.seconds = 300
	sasl.login.refresh.min.period.seconds = 60
	sasl.login.refresh.window.factor = 0.8
	sasl.login.refresh.window.jitter = 0.05
	sasl.mechanism = GSSAPI
	security.protocol = PLAINTEXT
	security.providers = null
	send.buffer.bytes = 131072
	session.timeout.ms = 10000
	socket.connection.setup.timeout.max.ms = 127000
	socket.connection.setup.timeout.ms = 10000
	ssl.cipher.suites = null
	ssl.enabled.protocols = [TLSv1.2]
	ssl.endpoint.identification.algorithm = https
	ssl.engine.factory.class = null
	ssl.key.password = null
	ssl.keymanager.algorithm = SunX509
	ssl.keystore.certificate.chain = null
	ssl.keystore.key = null
	ssl.keystore.location = null
	ssl.keystore.password = null
	ssl.keystore.type = JKS
	ssl.protocol = TLSv1.2
	ssl.provider = null
	ssl.secure.random.implementation = null
	ssl.trustmanager.algorithm = PKIX
	ssl.truststore.certificates = null
	ssl.truststore.location = null
	ssl.truststore.password = null
	ssl.truststore.type = JKS
	value.deserializer = class org.apache.kafka.common.serialization.StringDeserializer

2021-08-23 14:50:08,086 [main] INFO  o.a.kafka.common.utils.AppInfoParser ? - Kafka version: 2.7.1
2021-08-23 14:50:08,086 [main] INFO  o.a.kafka.common.utils.AppInfoParser ? - Kafka commitId: 61dbce85d0d41457
2021-08-23 14:50:08,087 [main] INFO  o.a.kafka.common.utils.AppInfoParser ? - Kafka startTimeMs: 1629701408082
2021-08-23 14:50:08,134 [main] INFO  o.a.k.clients.consumer.KafkaConsumer ? - [Consumer clientId=consumer-metersphere_group_id-1, groupId=metersphere_group_id] Subscribed to topic(s): ms-api-exec-topic
2021-08-23 14:50:08,152 [main] INFO  o.a.k.c.consumer.ConsumerConfig ? - ConsumerConfig values: 
	allow.auto.create.topics = true
	auto.commit.interval.ms = 5000
	auto.offset.reset = latest
	bootstrap.servers = [10.10.8.15:9092]
	check.crcs = true
	client.dns.lookup = use_all_dns_ips
	client.id = consumer-metersphere_group_id-2
	client.rack = 
	connections.max.idle.ms = 540000
	default.api.timeout.ms = 60000
	enable.auto.commit = false
	exclude.internal.topics = true
	fetch.max.bytes = 52428800
	fetch.max.wait.ms = 500
	fetch.min.bytes = 1
	group.id = metersphere_group_id
	group.instance.id = null
	heartbeat.interval.ms = 3000
	interceptor.classes = []
	internal.leave.group.on.close = true
	internal.throw.on.fetch.stable.offset.unsupported = false
	isolation.level = read_uncommitted
	key.deserializer = class org.apache.kafka.common.serialization.StringDeserializer
	max.partition.fetch.bytes = 1048576
	max.poll.interval.ms = 300000
	max.poll.records = 500
	metadata.max.age.ms = 300000
	metric.reporters = []
	metrics.num.samples = 2
	metrics.recording.level = INFO
	metrics.sample.window.ms = 30000
	partition.assignment.strategy = [class org.apache.kafka.clients.consumer.RangeAssignor]
	receive.buffer.bytes = 65536
	reconnect.backoff.max.ms = 1000
	reconnect.backoff.ms = 50
	request.timeout.ms = 30000
	retry.backoff.ms = 100
	sasl.client.callback.handler.class = null
	sasl.jaas.config = null
	sasl.kerberos.kinit.cmd = /usr/bin/kinit
	sasl.kerberos.min.time.before.relogin = 60000
	sasl.kerberos.service.name = null
	sasl.kerberos.ticket.renew.jitter = 0.05
	sasl.kerberos.ticket.renew.window.factor = 0.8
	sasl.login.callback.handler.class = null
	sasl.login.class = null
	sasl.login.refresh.buffer.seconds = 300
	sasl.login.refresh.min.period.seconds = 60
	sasl.login.refresh.window.factor = 0.8
	sasl.login.refresh.window.jitter = 0.05
	sasl.mechanism = GSSAPI
	security.protocol = PLAINTEXT
	security.providers = null
	send.buffer.bytes = 131072
	session.timeout.ms = 10000
	socket.connection.setup.timeout.max.ms = 127000
	socket.connection.setup.timeout.ms = 10000
	ssl.cipher.suites = null
	ssl.enabled.protocols = [TLSv1.2]
	ssl.endpoint.identification.algorithm = https
	ssl.engine.factory.class = null
	ssl.key.password = null
	ssl.keymanager.algorithm = SunX509
	ssl.keystore.certificate.chain = null
	ssl.keystore.key = null
	ssl.keystore.location = null
	ssl.keystore.password = null
	ssl.keystore.type = JKS
	ssl.protocol = TLSv1.2
	ssl.provider = null
	ssl.secure.random.implementation = null
	ssl.trustmanager.algorithm = PKIX
	ssl.truststore.certificates = null
	ssl.truststore.location = null
	ssl.truststore.password = null
	ssl.truststore.type = JKS
	value.deserializer = class org.apache.kafka.common.serialization.StringDeserializer

2021-08-23 14:50:08,164 [main] INFO  o.a.kafka.common.utils.AppInfoParser ? - Kafka version: 2.7.1
2021-08-23 14:50:08,164 [main] INFO  o.a.kafka.common.utils.AppInfoParser ? - Kafka commitId: 61dbce85d0d41457
2021-08-23 14:50:08,164 [main] INFO  o.a.kafka.common.utils.AppInfoParser ? - Kafka startTimeMs: 1629701408164
2021-08-23 14:50:08,178 [main] INFO  o.a.k.clients.consumer.KafkaConsumer ? - [Consumer clientId=consumer-metersphere_group_id-2, groupId=metersphere_group_id] Subscribed to topic(s): JMETER_TESTS
2021-08-23 14:50:08,196 [main] INFO  o.e.j.s.h.ContextHandler.application 2363 - Initializing Spring DispatcherServlet 'dispatcherServlet'
2021-08-23 14:50:08,197 [main] INFO  o.s.web.servlet.DispatcherServlet 525 - Initializing Servlet 'dispatcherServlet'
2021-08-23 14:50:08,202 [main] INFO  o.s.web.servlet.DispatcherServlet ? - Completed initialization in 5 ms
2021-08-23 14:50:08,256 [main] INFO  o.e.jetty.server.AbstractConnector 331 - Started ServerConnector@430106cf{HTTP/1.1, (http/1.1)}{0.0.0.0:8081}
2021-08-23 14:50:08,260 [main] INFO  o.s.b.w.e.jetty.JettyWebServer 172 - Jetty started on port(s) 8081 (http/1.1) with context path '/'
2021-08-23 14:50:08,449 [main] INFO  o.s.b.w.e.j.JettyServletWebServerFactory ? - Server initialized with port: 8083
2021-08-23 14:50:08,451 [main] INFO  org.eclipse.jetty.server.Server ? - jetty-9.4.41.v20210516; built: 2021-05-16T23:56:28.993Z; git: 98607f93c7833e7dc59489b13f3cb0a114fb9f4c; jvm 1.8.0_221-b11
2021-08-23 14:50:08,456 [main] INFO  o.e.j.s.h.ContextHandler.application ? - Initializing Spring embedded WebApplicationContext
2021-08-23 14:50:08,456 [main] INFO  o.s.b.w.s.c.ServletWebServerApplicationContext ? - Root WebApplicationContext: initialization completed in 187 ms
2021-08-23 14:50:08,465 [main] INFO  org.eclipse.jetty.server.session ? - DefaultSessionIdManager workerName=node0
2021-08-23 14:50:08,465 [main] INFO  org.eclipse.jetty.server.session ? - No SessionScavenger set, using defaults
2021-08-23 14:50:08,466 [main] INFO  org.eclipse.jetty.server.session ? - node0 Scavenging every 660000ms
2021-08-23 14:50:08,467 [main] INFO  o.e.j.server.handler.ContextHandler ? - Started o.s.b.w.e.j.JettyEmbeddedWebAppContext@23038621{application,/,[file:///private/var/folders/38/74d4vy_9311c3tf8btmwbwzc0000gn/T/jetty-docbase.8083.1819979739992970014/, jar:file:/Users/hepengchong/.m2/repository/org/webjars/swagger-ui/3.45.0/swagger-ui-3.45.0.jar!/META-INF/resources],AVAILABLE}
2021-08-23 14:50:08,467 [main] INFO  org.eclipse.jetty.server.Server ? - Started @43867ms
2021-08-23 14:50:08,486 [main] INFO  o.s.b.a.e.web.EndpointLinksResolver ? - Exposing 16 endpoint(s) beneath base path '/actuator'
2021-08-23 14:50:09,183 [main] INFO  o.e.j.s.h.ContextHandler.application ? - Initializing Spring DispatcherServlet 'dispatcherServlet'
2021-08-23 14:50:09,183 [main] INFO  o.s.web.servlet.DispatcherServlet ? - Initializing Servlet 'dispatcherServlet'
2021-08-23 14:50:09,184 [main] INFO  o.s.web.servlet.DispatcherServlet ? - Completed initialization in 1 ms
2021-08-23 14:50:09,188 [main] INFO  o.e.jetty.server.AbstractConnector ? - Started ServerConnector@71b3c2a7{HTTP/1.1, (http/1.1)}{0.0.0.0:8083}
2021-08-23 14:50:09,188 [main] INFO  o.s.b.w.e.jetty.JettyWebServer ? - Jetty started on port(s) 8083 (http/1.1) with context path '/'
2021-08-23 14:50:09,293 [ms-api-exec-consume-0-C-1] INFO  org.apache.kafka.clients.Metadata ? - [Consumer clientId=consumer-metersphere_group_id-1, groupId=metersphere_group_id] Cluster ID: B88yemvQSy2cf7VyWPfEKQ
2021-08-23 14:50:09,293 [load-test-data-0-C-1] INFO  org.apache.kafka.clients.Metadata 279 - [Consumer clientId=consumer-metersphere_group_id-2, groupId=metersphere_group_id] Cluster ID: B88yemvQSy2cf7VyWPfEKQ
2021-08-23 14:50:09,295 [load-test-data-0-C-1] INFO  o.a.k.c.c.i.AbstractCoordinator ? - [Consumer clientId=consumer-metersphere_group_id-2, groupId=metersphere_group_id] Discovered group coordinator 10.10.8.15:9092 (id: 2147483647 rack: null)
2021-08-23 14:50:09,295 [ms-api-exec-consume-0-C-1] INFO  o.a.k.c.c.i.AbstractCoordinator ? - [Consumer clientId=consumer-metersphere_group_id-1, groupId=metersphere_group_id] Discovered group coordinator 10.10.8.15:9092 (id: 2147483647 rack: null)
2021-08-23 14:50:09,300 [load-test-data-0-C-1] INFO  o.a.k.c.c.i.AbstractCoordinator ? - [Consumer clientId=consumer-metersphere_group_id-2, groupId=metersphere_group_id] (Re-)joining group
2021-08-23 14:50:09,300 [ms-api-exec-consume-0-C-1] INFO  o.a.k.c.c.i.AbstractCoordinator ? - [Consumer clientId=consumer-metersphere_group_id-1, groupId=metersphere_group_id] (Re-)joining group
2021-08-23 14:50:09,356 [ms-api-exec-consume-0-C-1] INFO  o.a.k.c.c.i.AbstractCoordinator ? - [Consumer clientId=consumer-metersphere_group_id-1, groupId=metersphere_group_id] (Re-)joining group
2021-08-23 14:50:09,357 [load-test-data-0-C-1] INFO  o.a.k.c.c.i.AbstractCoordinator 538 - [Consumer clientId=consumer-metersphere_group_id-2, groupId=metersphere_group_id] (Re-)joining group
2021-08-23 14:50:09,739 [main] INFO  o.s.s.quartz.SchedulerFactoryBean ? - Will start Quartz Scheduler [clusterScheduler] in 60 seconds
2021-08-23 14:50:09,832 [main] INFO  io.metersphere.Application ? - Started Application in 39.682 seconds (JVM running for 45.232)
2021-08-23 14:50:09,835 [main] INFO  o.s.b.a.ApplicationAvailabilityBean ? - Application availability state LivenessState changed to CORRECT
2021-08-23 14:50:11,473 [ms-api-exec-consume-0-C-1] INFO  o.a.k.c.c.i.AbstractCoordinator ? - [Consumer clientId=consumer-metersphere_group_id-1, groupId=metersphere_group_id] Successfully joined group with generation Generation{generationId=1849, memberId='consumer-metersphere_group_id-1-63ee8b94-994b-4b85-bdfe-951906fb1331', protocol='range'}
2021-08-23 14:50:11,473 [load-test-data-0-C-1] INFO  o.a.k.c.c.i.AbstractCoordinator 594 - [Consumer clientId=consumer-metersphere_group_id-2, groupId=metersphere_group_id] Successfully joined group with generation Generation{generationId=1849, memberId='consumer-metersphere_group_id-2-34f7c43d-c06b-4f36-aa63-08602c9b181b', protocol='range'}
2021-08-23 14:50:11,764 [ms-api-exec-consume-0-C-1] INFO  o.a.k.c.c.i.AbstractCoordinator ? - [Consumer clientId=consumer-metersphere_group_id-1, groupId=metersphere_group_id] Successfully synced group in generation Generation{generationId=1849, memberId='consumer-metersphere_group_id-1-63ee8b94-994b-4b85-bdfe-951906fb1331', protocol='range'}
2021-08-23 14:50:11,764 [load-test-data-0-C-1] INFO  o.a.k.c.c.i.AbstractCoordinator 754 - [Consumer clientId=consumer-metersphere_group_id-2, groupId=metersphere_group_id] Successfully synced group in generation Generation{generationId=1849, memberId='consumer-metersphere_group_id-2-34f7c43d-c06b-4f36-aa63-08602c9b181b', protocol='range'}
2021-08-23 14:50:11,768 [ms-api-exec-consume-0-C-1] INFO  o.a.k.c.c.i.ConsumerCoordinator ? - [Consumer clientId=consumer-metersphere_group_id-1, groupId=metersphere_group_id] Notifying assignor about the new Assignment(partitions=[])
2021-08-23 14:50:11,768 [load-test-data-0-C-1] INFO  o.a.k.c.c.i.ConsumerCoordinator 276 - [Consumer clientId=consumer-metersphere_group_id-2, groupId=metersphere_group_id] Notifying assignor about the new Assignment(partitions=[JMETER_TESTS-0])
2021-08-23 14:50:11,768 [ms-api-exec-consume-0-C-1] INFO  o.a.k.c.c.i.ConsumerCoordinator ? - [Consumer clientId=consumer-metersphere_group_id-1, groupId=metersphere_group_id] Adding newly assigned partitions: 
2021-08-23 14:50:11,770 [ms-api-exec-consume-0-C-1] INFO  o.s.k.l.KafkaMessageListenerContainer ? - metersphere_group_id: partitions assigned: []
2021-08-23 14:50:11,772 [load-test-data-0-C-1] INFO  o.a.k.c.c.i.ConsumerCoordinator ? - [Consumer clientId=consumer-metersphere_group_id-2, groupId=metersphere_group_id] Adding newly assigned partitions: JMETER_TESTS-0
2021-08-23 14:50:11,820 [load-test-data-0-C-1] INFO  o.a.k.c.c.i.ConsumerCoordinator ? - [Consumer clientId=consumer-metersphere_group_id-2, groupId=metersphere_group_id] Setting offset for partition JMETER_TESTS-0 to the committed offset FetchPosition{offset=0, offsetEpoch=Optional.empty, currentLeader=LeaderAndEpoch{leader=Optional[10.10.8.15:9092 (id: 0 rack: null)], epoch=0}}
2021-08-23 14:50:11,821 [load-test-data-0-C-1] INFO  o.s.k.l.KafkaMessageListenerContainer ? - metersphere_group_id: partitions assigned: [JMETER_TESTS-0]
2021-08-23 14:50:58,172 [qtp1522236047-91] INFO  o.a.s.s.m.AbstractValidatingSessionManager ? - Enabling session validation scheduler...
2021-08-23 14:51:09,746 [Quartz Scheduler [clusterScheduler]] INFO  o.s.s.quartz.SchedulerFactoryBean ? - Starting Quartz Scheduler now, after delay of 60 seconds
2021-08-23 14:51:09,746 [Quartz Scheduler [clusterScheduler]] INFO  org.quartz.core.QuartzScheduler 547 - Scheduler clusterScheduler_$_hepengchongdeMacBook-Pro-2.local1629701385499 started.
2021-08-23 14:51:09,837 [Thread-115] INFO  org.quartz.core.QuartzScheduler ? - Scheduler clusterScheduler_$_hepengchongdeMacBook-Pro-2.local1629701385499 started.
2021-08-23 14:51:09,953 [Thread-113] INFO  org.quartz.core.QuartzScheduler ? - Scheduler clusterScheduler_$_hepengchongdeMacBook-Pro-2.local1629701385499 started.
2021-08-23 14:51:13,307 [main] INFO  i.m.service.ScheduleService ? - Method[lambda$startEnableSchedules$0][初始化任务：{"createTime":1628786196000,"enable":true,"group":"ISSUE_SYNC","id":"7a23d4db-9909-438d-9e36-58e432c8c4ae","job":"io.metersphere.job.sechedule.IssueSyncJob","key":"ISSUE_SYNC","name":"ISSUE_SYNC","projectId":"system","resourceId":"system","type":"CRON","updateTime":1628786196000,"userId":"admin","value":"0 0 3 * * ?","workspaceId":"system"}]
2021-08-23 14:51:13,310 [main] INFO  i.m.job.sechedule.ScheduleManager ? - Method[addOrUpdateCronJob][AddOrUpdateCronJob: ISSUE_SYNC,ISSUE_SYNC]
2021-08-23 14:51:13,327 [main] INFO  i.m.job.sechedule.ScheduleManager ? - Method[addCronJob][addCronJob: ISSUE_SYNC,ISSUE_SYNC]
2021-08-23 14:51:13,587 [main] INFO  o.s.b.a.ApplicationAvailabilityBean ? - Application availability state ReadinessState changed to ACCEPTING_TRAFFIC
2021-08-23 14:54:51,109 [qtp1522236047-89] ERROR i.metersphere.log.aspect.MsLogAspect ? - Method[before][Index: 0, Size: 0]
2021-08-23 15:08:39,743 [background-preinit] INFO  o.h.validator.internal.util.Version ? - HV000001: Hibernate Validator 6.2.0.Final
2021-08-23 15:08:39,745 [main] INFO  io.metersphere.Application ? - Starting Application using Java 1.8.0_221 on hepengchongdeMacBook-Pro-2.local with PID 56593 (/Users/hepengchong/Documents/code/java/MeterSphere/backend/target/classes started by hepengchong in /Users/hepengchong/Documents/code/java/MeterSphere)
2021-08-23 15:08:39,751 [main] INFO  io.metersphere.Application ? - The following profiles are active: dev
2021-08-23 15:08:40,642 [background-preinit] WARN  o.s.h.c.j.Jackson2ObjectMapperBuilder 127 - For Jackson Kotlin classes support please add "com.fasterxml.jackson.module:jackson-module-kotlin" to the classpath
2021-08-23 15:08:43,195 [main] INFO  o.s.d.r.c.RepositoryConfigurationDelegate ? - Bootstrapping Spring Data LDAP repositories in DEFAULT mode.
2021-08-23 15:08:43,409 [main] INFO  o.s.d.r.c.RepositoryConfigurationDelegate ? - Finished Spring Data repository scanning in 203 ms. Found 0 LDAP repository interfaces.
2021-08-23 15:08:44,152 [main] INFO  o.s.c.s.PostProcessorRegistrationDelegate$BeanPostProcessorChecker ? - Bean 'shiroConfig' of type [io.metersphere.config.ShiroConfig$$EnhancerBySpringCGLIB$$105c5531] is not eligible for getting processed by all BeanPostProcessors (for example: not eligible for auto-proxying)
2021-08-23 15:08:44,199 [main] INFO  o.s.c.s.PostProcessorRegistrationDelegate$BeanPostProcessorChecker ? - Bean 'memoryConstrainedCacheManager' of type [org.apache.shiro.cache.MemoryConstrainedCacheManager] is not eligible for getting processed by all BeanPostProcessors (for example: not eligible for auto-proxying)
2021-08-23 15:08:44,222 [main] INFO  o.s.c.s.PostProcessorRegistrationDelegate$BeanPostProcessorChecker ? - Bean 'sessionManager' of type [org.apache.shiro.web.session.mgt.DefaultWebSessionManager] is not eligible for getting processed by all BeanPostProcessors (for example: not eligible for auto-proxying)
2021-08-23 15:08:44,470 [main] INFO  o.s.c.s.PostProcessorRegistrationDelegate$BeanPostProcessorChecker ? - Bean 'modularRealmAuthenticator' of type [io.metersphere.security.UserModularRealmAuthenticator] is not eligible for getting processed by all BeanPostProcessors (for example: not eligible for auto-proxying)
2021-08-23 15:08:44,473 [main] INFO  o.s.c.s.PostProcessorRegistrationDelegate$BeanPostProcessorChecker ? - Bean 'securityManager' of type [org.apache.shiro.web.mgt.DefaultWebSecurityManager] is not eligible for getting processed by all BeanPostProcessors (for example: not eligible for auto-proxying)
2021-08-23 15:08:44,761 [main] INFO  o.s.c.s.PostProcessorRegistrationDelegate$BeanPostProcessorChecker 376 - Bean 'getAuthorizationAttributeSourceAdvisor' of type [org.apache.shiro.spring.security.interceptor.AuthorizationAttributeSourceAdvisor] is not eligible for getting processed by all BeanPostProcessors (for example: not eligible for auto-proxying)
2021-08-23 15:08:45,213 [main] INFO  o.s.c.s.PostProcessorRegistrationDelegate$BeanPostProcessorChecker ? - Bean 'org.springframework.boot.autoconfigure.jdbc.DataSourceConfiguration$Hikari' of type [org.springframework.boot.autoconfigure.jdbc.DataSourceConfiguration$Hikari] is not eligible for getting processed by all BeanPostProcessors (for example: not eligible for auto-proxying)
2021-08-23 15:08:45,237 [main] INFO  o.s.c.s.PostProcessorRegistrationDelegate$BeanPostProcessorChecker ? - Bean 'org.springframework.boot.autoconfigure.flyway.FlywayAutoConfiguration' of type [org.springframework.boot.autoconfigure.flyway.FlywayAutoConfiguration] is not eligible for getting processed by all BeanPostProcessors (for example: not eligible for auto-proxying)
2021-08-23 15:08:45,243 [main] INFO  o.s.c.s.PostProcessorRegistrationDelegate$BeanPostProcessorChecker ? - Bean 'stringOrNumberMigrationVersionConverter' of type [org.springframework.boot.autoconfigure.flyway.FlywayAutoConfiguration$StringOrNumberToMigrationVersionConverter] is not eligible for getting processed by all BeanPostProcessors (for example: not eligible for auto-proxying)
2021-08-23 15:08:45,275 [main] INFO  o.s.c.s.PostProcessorRegistrationDelegate$BeanPostProcessorChecker ? - Bean 'spring.datasource-org.springframework.boot.autoconfigure.jdbc.DataSourceProperties' of type [org.springframework.boot.autoconfigure.jdbc.DataSourceProperties] is not eligible for getting processed by all BeanPostProcessors (for example: not eligible for auto-proxying)
2021-08-23 15:08:45,410 [main] INFO  o.s.c.s.PostProcessorRegistrationDelegate$BeanPostProcessorChecker ? - Bean 'dataSource' of type [com.zaxxer.hikari.HikariDataSource] is not eligible for getting processed by all BeanPostProcessors (for example: not eligible for auto-proxying)
2021-08-23 15:08:45,441 [main] INFO  o.s.c.s.PostProcessorRegistrationDelegate$BeanPostProcessorChecker ? - Bean 'quartz-com.fit2cloud.autoconfigure.QuartzProperties' of type [com.fit2cloud.autoconfigure.QuartzProperties] is not eligible for getting processed by all BeanPostProcessors (for example: not eligible for auto-proxying)
2021-08-23 15:08:45,448 [main] INFO  o.s.c.s.PostProcessorRegistrationDelegate$BeanPostProcessorChecker ? - Bean 'com.fit2cloud.autoconfigure.QuartzAutoConfiguration' of type [com.fit2cloud.autoconfigure.QuartzAutoConfiguration$$EnhancerBySpringCGLIB$$3ac45818] is not eligible for getting processed by all BeanPostProcessors (for example: not eligible for auto-proxying)
2021-08-23 15:08:45,537 [main] INFO  org.quartz.impl.StdSchedulerFactory ? - Using default implementation for ThreadExecutor
2021-08-23 15:08:45,541 [main] INFO  org.quartz.simpl.SimpleThreadPool ? - Job execution threads will use class loader of thread: main
2021-08-23 15:08:45,560 [main] INFO  o.quartz.core.SchedulerSignalerImpl ? - Initialized Scheduler Signaller of type: class org.quartz.core.SchedulerSignalerImpl
2021-08-23 15:08:45,560 [main] INFO  org.quartz.core.QuartzScheduler ? - Quartz Scheduler v.2.3.2 created.
2021-08-23 15:08:45,573 [main] INFO  com.zaxxer.hikari.HikariDataSource ? - DatebookHikariCP - Starting...
2021-08-23 15:08:45,994 [main] INFO  com.zaxxer.hikari.HikariDataSource ? - DatebookHikariCP - Start completed.
2021-08-23 15:08:46,011 [main] INFO  o.s.s.quartz.LocalDataSourceJobStore ? - Using db table-based data access locking (synchronization).
2021-08-23 15:08:46,016 [main] INFO  o.s.s.quartz.LocalDataSourceJobStore ? - JobStoreCMT initialized.
2021-08-23 15:08:46,019 [main] INFO  org.quartz.core.QuartzScheduler ? - Scheduler meta-data: Quartz Scheduler (v2.3.2) 'clusterScheduler' with instanceId 'hepengchongdeMacBook-Pro-2.local1629702525540'
  Scheduler class: 'org.quartz.core.QuartzScheduler' - running locally.
  NOT STARTED.
  Currently in standby mode.
  Number of jobs executed: 0
  Using thread pool 'org.quartz.simpl.SimpleThreadPool' - with 10 threads.
  Using job-store 'org.springframework.scheduling.quartz.LocalDataSourceJobStore' - which supports persistence. and is clustered.

2021-08-23 15:08:46,019 [main] INFO  org.quartz.impl.StdSchedulerFactory ? - Quartz scheduler 'clusterScheduler' initialized from an externally provided properties instance.
2021-08-23 15:08:46,019 [main] INFO  org.quartz.impl.StdSchedulerFactory ? - Quartz scheduler version: 2.3.2
2021-08-23 15:08:46,022 [main] INFO  org.quartz.core.QuartzScheduler ? - JobFactory set to: org.springframework.scheduling.quartz.AdaptableJobFactory@47fca3cc
2021-08-23 15:08:46,023 [main] INFO  o.s.c.s.PostProcessorRegistrationDelegate$BeanPostProcessorChecker ? - Bean 'clusterSchedulerFactoryBean' of type [org.springframework.scheduling.quartz.SchedulerFactoryBean] is not eligible for getting processed by all BeanPostProcessors (for example: not eligible for auto-proxying)
2021-08-23 15:08:46,058 [main] INFO  o.s.c.s.PostProcessorRegistrationDelegate$BeanPostProcessorChecker ? - Bean 'clusterSchedulerFactoryBean' of type [org.quartz.impl.StdScheduler] is not eligible for getting processed by all BeanPostProcessors (for example: not eligible for auto-proxying)
2021-08-23 15:08:46,080 [main] INFO  o.s.c.s.PostProcessorRegistrationDelegate$BeanPostProcessorChecker 376 - Bean 'quartzTimeZone' of type [sun.util.calendar.ZoneInfo] is not eligible for getting processed by all BeanPostProcessors (for example: not eligible for auto-proxying)
2021-08-23 15:08:46,091 [main] INFO  o.s.c.s.PostProcessorRegistrationDelegate$BeanPostProcessorChecker ? - Bean 'org.apache.shiro.spring.boot.autoconfigure.ShiroBeanAutoConfiguration' of type [org.apache.shiro.spring.boot.autoconfigure.ShiroBeanAutoConfiguration$$EnhancerBySpringCGLIB$$aaee6fb5] is not eligible for getting processed by all BeanPostProcessors (for example: not eligible for auto-proxying)
2021-08-23 15:08:46,102 [main] INFO  o.s.c.s.PostProcessorRegistrationDelegate$BeanPostProcessorChecker ? - Bean 'eventBus' of type [org.apache.shiro.event.support.DefaultEventBus] is not eligible for getting processed by all BeanPostProcessors (for example: not eligible for auto-proxying)
2021-08-23 15:08:46,129 [main] INFO  o.s.c.s.PostProcessorRegistrationDelegate$BeanPostProcessorChecker ? - Bean 'management.metrics-org.springframework.boot.actuate.autoconfigure.metrics.MetricsProperties' of type [org.springframework.boot.actuate.autoconfigure.metrics.MetricsProperties] is not eligible for getting processed by all BeanPostProcessors (for example: not eligible for auto-proxying)
2021-08-23 15:08:46,133 [main] INFO  o.s.c.s.PostProcessorRegistrationDelegate$BeanPostProcessorChecker ? - Bean 'org.springframework.boot.actuate.autoconfigure.metrics.data.RepositoryMetricsAutoConfiguration' of type [org.springframework.boot.actuate.autoconfigure.metrics.data.RepositoryMetricsAutoConfiguration] is not eligible for getting processed by all BeanPostProcessors (for example: not eligible for auto-proxying)
2021-08-23 15:08:46,138 [main] INFO  o.s.c.s.PostProcessorRegistrationDelegate$BeanPostProcessorChecker ? - Bean 'org.springframework.boot.actuate.autoconfigure.metrics.export.simple.SimpleMetricsExportAutoConfiguration' of type [org.springframework.boot.actuate.autoconfigure.metrics.export.simple.SimpleMetricsExportAutoConfiguration] is not eligible for getting processed by all BeanPostProcessors (for example: not eligible for auto-proxying)
2021-08-23 15:08:46,145 [main] INFO  o.s.c.s.PostProcessorRegistrationDelegate$BeanPostProcessorChecker ? - Bean 'management.metrics.export.simple-org.springframework.boot.actuate.autoconfigure.metrics.export.simple.SimpleProperties' of type [org.springframework.boot.actuate.autoconfigure.metrics.export.simple.SimpleProperties] is not eligible for getting processed by all BeanPostProcessors (for example: not eligible for auto-proxying)
2021-08-23 15:08:46,153 [main] INFO  o.s.c.s.PostProcessorRegistrationDelegate$BeanPostProcessorChecker ? - Bean 'simpleConfig' of type [org.springframework.boot.actuate.autoconfigure.metrics.export.simple.SimplePropertiesConfigAdapter] is not eligible for getting processed by all BeanPostProcessors (for example: not eligible for auto-proxying)
2021-08-23 15:08:46,162 [main] INFO  o.s.c.s.PostProcessorRegistrationDelegate$BeanPostProcessorChecker ? - Bean 'org.springframework.boot.actuate.autoconfigure.metrics.MetricsAutoConfiguration' of type [org.springframework.boot.actuate.autoconfigure.metrics.MetricsAutoConfiguration] is not eligible for getting processed by all BeanPostProcessors (for example: not eligible for auto-proxying)
2021-08-23 15:08:46,167 [main] INFO  o.s.c.s.PostProcessorRegistrationDelegate$BeanPostProcessorChecker ? - Bean 'micrometerClock' of type [io.micrometer.core.instrument.Clock$1] is not eligible for getting processed by all BeanPostProcessors (for example: not eligible for auto-proxying)
2021-08-23 15:08:46,200 [main] INFO  o.s.c.s.PostProcessorRegistrationDelegate$BeanPostProcessorChecker ? - Bean 'simpleMeterRegistry' of type [io.micrometer.core.instrument.simple.SimpleMeterRegistry] is not eligible for getting processed by all BeanPostProcessors (for example: not eligible for auto-proxying)
2021-08-23 15:08:46,223 [main] INFO  o.s.c.s.PostProcessorRegistrationDelegate$BeanPostProcessorChecker ? - Bean 'repositoryTagsProvider' of type [org.springframework.boot.actuate.metrics.data.DefaultRepositoryTagsProvider] is not eligible for getting processed by all BeanPostProcessors (for example: not eligible for auto-proxying)
2021-08-23 15:08:46,227 [main] INFO  o.s.c.s.PostProcessorRegistrationDelegate$BeanPostProcessorChecker 376 - Bean 'metricsRepositoryMethodInvocationListener' of type [org.springframework.boot.actuate.metrics.data.MetricsRepositoryMethodInvocationListener] is not eligible for getting processed by all BeanPostProcessors (for example: not eligible for auto-proxying)
2021-08-23 15:08:46,434 [main] INFO  org.eclipse.jetty.util.log ? - Logging initialized @15787ms to org.eclipse.jetty.util.log.Slf4jLog
2021-08-23 15:08:46,741 [main] INFO  o.s.b.w.e.j.JettyServletWebServerFactory ? - Server initialized with port: 8081
2021-08-23 15:08:46,745 [main] INFO  org.eclipse.jetty.server.Server ? - jetty-9.4.41.v20210516; built: 2021-05-16T23:56:28.993Z; git: 98607f93c7833e7dc59489b13f3cb0a114fb9f4c; jvm 1.8.0_221-b11
2021-08-23 15:08:46,782 [main] INFO  o.e.j.s.h.ContextHandler.application ? - Initializing Spring embedded WebApplicationContext
2021-08-23 15:08:46,782 [main] INFO  o.s.b.w.s.c.ServletWebServerApplicationContext ? - Root WebApplicationContext: initialization completed in 6414 ms
2021-08-23 15:08:47,111 [main] INFO  org.eclipse.jetty.server.session ? - DefaultSessionIdManager workerName=node0
2021-08-23 15:08:47,111 [main] INFO  org.eclipse.jetty.server.session ? - No SessionScavenger set, using defaults
2021-08-23 15:08:47,115 [main] INFO  org.eclipse.jetty.server.session ? - node0 Scavenging every 660000ms
2021-08-23 15:08:47,132 [main] INFO  o.e.j.server.handler.ContextHandler ? - Started o.s.b.w.e.j.JettyEmbeddedWebAppContext@6738e8b2{application,/,[file:///private/var/folders/38/74d4vy_9311c3tf8btmwbwzc0000gn/T/jetty-docbase.8081.1359660888955378246/, jar:file:/Users/hepengchong/.m2/repository/org/webjars/swagger-ui/3.45.0/swagger-ui-3.45.0.jar!/META-INF/resources],AVAILABLE}
2021-08-23 15:08:47,133 [main] INFO  org.eclipse.jetty.server.Server ? - Started @16486ms
2021-08-23 15:08:56,151 [main] INFO  o.s.b.a.w.s.WelcomePageHandlerMapping ? - Adding welcome page: class path resource [public/index.html]
2021-08-23 15:08:58,147 [main] INFO  o.f.c.i.license.VersionPrinter ? - Flyway Community Edition 7.7.3 by Redgate
2021-08-23 15:08:58,289 [main] INFO  o.f.c.i.database.base.DatabaseType ? - Database: jdbc:mysql://10.10.8.15:3306/metersphere (MySQL 5.7)
2021-08-23 15:08:59,156 [main] INFO  o.f.core.internal.command.DbMigrate 49 - Current version of schema `metersphere`: 91
2021-08-23 15:08:59,174 [main] INFO  o.f.core.internal.command.DbMigrate ? - Schema `metersphere` is up to date. No migration necessary.
2021-08-23 15:09:00,154 [main] WARN  o.s.b.a.f.FreeMarkerAutoConfiguration ? - Cannot find template location(s): [classpath:/templates/] (please add some templates, check your FreeMarker configuration, or set spring.freemarker.checkTemplateLocation=false)
2021-08-23 15:09:00,156 [main] WARN  o.s.b.a.g.t.GroovyTemplateAutoConfiguration ? - Cannot find template location: classpath:/templates/ (please add some templates, check your Groovy configuration, or set spring.groovy.template.check-template-location=false)
2021-08-23 15:09:01,546 [main] INFO  o.a.k.c.consumer.ConsumerConfig ? - ConsumerConfig values: 
	allow.auto.create.topics = true
	auto.commit.interval.ms = 5000
	auto.offset.reset = latest
	bootstrap.servers = [10.10.8.15:9092]
	check.crcs = true
	client.dns.lookup = use_all_dns_ips
	client.id = consumer-metersphere_group_id-1
	client.rack = 
	connections.max.idle.ms = 540000
	default.api.timeout.ms = 60000
	enable.auto.commit = false
	exclude.internal.topics = true
	fetch.max.bytes = 52428800
	fetch.max.wait.ms = 500
	fetch.min.bytes = 1
	group.id = metersphere_group_id
	group.instance.id = null
	heartbeat.interval.ms = 3000
	interceptor.classes = []
	internal.leave.group.on.close = true
	internal.throw.on.fetch.stable.offset.unsupported = false
	isolation.level = read_uncommitted
	key.deserializer = class org.apache.kafka.common.serialization.StringDeserializer
	max.partition.fetch.bytes = 1048576
	max.poll.interval.ms = 300000
	max.poll.records = 500
	metadata.max.age.ms = 300000
	metric.reporters = []
	metrics.num.samples = 2
	metrics.recording.level = INFO
	metrics.sample.window.ms = 30000
	partition.assignment.strategy = [class org.apache.kafka.clients.consumer.RangeAssignor]
	receive.buffer.bytes = 65536
	reconnect.backoff.max.ms = 1000
	reconnect.backoff.ms = 50
	request.timeout.ms = 30000
	retry.backoff.ms = 100
	sasl.client.callback.handler.class = null
	sasl.jaas.config = null
	sasl.kerberos.kinit.cmd = /usr/bin/kinit
	sasl.kerberos.min.time.before.relogin = 60000
	sasl.kerberos.service.name = null
	sasl.kerberos.ticket.renew.jitter = 0.05
	sasl.kerberos.ticket.renew.window.factor = 0.8
	sasl.login.callback.handler.class = null
	sasl.login.class = null
	sasl.login.refresh.buffer.seconds = 300
	sasl.login.refresh.min.period.seconds = 60
	sasl.login.refresh.window.factor = 0.8
	sasl.login.refresh.window.jitter = 0.05
	sasl.mechanism = GSSAPI
	security.protocol = PLAINTEXT
	security.providers = null
	send.buffer.bytes = 131072
	session.timeout.ms = 10000
	socket.connection.setup.timeout.max.ms = 127000
	socket.connection.setup.timeout.ms = 10000
	ssl.cipher.suites = null
	ssl.enabled.protocols = [TLSv1.2]
	ssl.endpoint.identification.algorithm = https
	ssl.engine.factory.class = null
	ssl.key.password = null
	ssl.keymanager.algorithm = SunX509
	ssl.keystore.certificate.chain = null
	ssl.keystore.key = null
	ssl.keystore.location = null
	ssl.keystore.password = null
	ssl.keystore.type = JKS
	ssl.protocol = TLSv1.2
	ssl.provider = null
	ssl.secure.random.implementation = null
	ssl.trustmanager.algorithm = PKIX
	ssl.truststore.certificates = null
	ssl.truststore.location = null
	ssl.truststore.password = null
	ssl.truststore.type = JKS
	value.deserializer = class org.apache.kafka.common.serialization.StringDeserializer

2021-08-23 15:09:01,660 [main] INFO  o.a.kafka.common.utils.AppInfoParser ? - Kafka version: 2.7.1
2021-08-23 15:09:01,660 [main] INFO  o.a.kafka.common.utils.AppInfoParser ? - Kafka commitId: 61dbce85d0d41457
2021-08-23 15:09:01,661 [main] INFO  o.a.kafka.common.utils.AppInfoParser ? - Kafka startTimeMs: 1629702541658
2021-08-23 15:09:01,697 [main] INFO  o.a.k.clients.consumer.KafkaConsumer ? - [Consumer clientId=consumer-metersphere_group_id-1, groupId=metersphere_group_id] Subscribed to topic(s): ms-api-exec-topic
2021-08-23 15:09:01,710 [main] INFO  o.a.k.c.consumer.ConsumerConfig ? - ConsumerConfig values: 
	allow.auto.create.topics = true
	auto.commit.interval.ms = 5000
	auto.offset.reset = latest
	bootstrap.servers = [10.10.8.15:9092]
	check.crcs = true
	client.dns.lookup = use_all_dns_ips
	client.id = consumer-metersphere_group_id-2
	client.rack = 
	connections.max.idle.ms = 540000
	default.api.timeout.ms = 60000
	enable.auto.commit = false
	exclude.internal.topics = true
	fetch.max.bytes = 52428800
	fetch.max.wait.ms = 500
	fetch.min.bytes = 1
	group.id = metersphere_group_id
	group.instance.id = null
	heartbeat.interval.ms = 3000
	interceptor.classes = []
	internal.leave.group.on.close = true
	internal.throw.on.fetch.stable.offset.unsupported = false
	isolation.level = read_uncommitted
	key.deserializer = class org.apache.kafka.common.serialization.StringDeserializer
	max.partition.fetch.bytes = 1048576
	max.poll.interval.ms = 300000
	max.poll.records = 500
	metadata.max.age.ms = 300000
	metric.reporters = []
	metrics.num.samples = 2
	metrics.recording.level = INFO
	metrics.sample.window.ms = 30000
	partition.assignment.strategy = [class org.apache.kafka.clients.consumer.RangeAssignor]
	receive.buffer.bytes = 65536
	reconnect.backoff.max.ms = 1000
	reconnect.backoff.ms = 50
	request.timeout.ms = 30000
	retry.backoff.ms = 100
	sasl.client.callback.handler.class = null
	sasl.jaas.config = null
	sasl.kerberos.kinit.cmd = /usr/bin/kinit
	sasl.kerberos.min.time.before.relogin = 60000
	sasl.kerberos.service.name = null
	sasl.kerberos.ticket.renew.jitter = 0.05
	sasl.kerberos.ticket.renew.window.factor = 0.8
	sasl.login.callback.handler.class = null
	sasl.login.class = null
	sasl.login.refresh.buffer.seconds = 300
	sasl.login.refresh.min.period.seconds = 60
	sasl.login.refresh.window.factor = 0.8
	sasl.login.refresh.window.jitter = 0.05
	sasl.mechanism = GSSAPI
	security.protocol = PLAINTEXT
	security.providers = null
	send.buffer.bytes = 131072
	session.timeout.ms = 10000
	socket.connection.setup.timeout.max.ms = 127000
	socket.connection.setup.timeout.ms = 10000
	ssl.cipher.suites = null
	ssl.enabled.protocols = [TLSv1.2]
	ssl.endpoint.identification.algorithm = https
	ssl.engine.factory.class = null
	ssl.key.password = null
	ssl.keymanager.algorithm = SunX509
	ssl.keystore.certificate.chain = null
	ssl.keystore.key = null
	ssl.keystore.location = null
	ssl.keystore.password = null
	ssl.keystore.type = JKS
	ssl.protocol = TLSv1.2
	ssl.provider = null
	ssl.secure.random.implementation = null
	ssl.trustmanager.algorithm = PKIX
	ssl.truststore.certificates = null
	ssl.truststore.location = null
	ssl.truststore.password = null
	ssl.truststore.type = JKS
	value.deserializer = class org.apache.kafka.common.serialization.StringDeserializer

2021-08-23 15:09:01,719 [main] INFO  o.a.kafka.common.utils.AppInfoParser ? - Kafka version: 2.7.1
2021-08-23 15:09:01,719 [main] INFO  o.a.kafka.common.utils.AppInfoParser ? - Kafka commitId: 61dbce85d0d41457
2021-08-23 15:09:01,719 [main] INFO  o.a.kafka.common.utils.AppInfoParser ? - Kafka startTimeMs: 1629702541719
2021-08-23 15:09:01,728 [main] INFO  o.a.k.clients.consumer.KafkaConsumer ? - [Consumer clientId=consumer-metersphere_group_id-2, groupId=metersphere_group_id] Subscribed to topic(s): JMETER_TESTS
2021-08-23 15:09:01,741 [main] INFO  o.e.j.s.h.ContextHandler.application ? - Initializing Spring DispatcherServlet 'dispatcherServlet'
2021-08-23 15:09:01,741 [main] INFO  o.s.web.servlet.DispatcherServlet ? - Initializing Servlet 'dispatcherServlet'
2021-08-23 15:09:01,746 [main] INFO  o.s.web.servlet.DispatcherServlet 547 - Completed initialization in 5 ms
2021-08-23 15:09:01,795 [main] INFO  o.e.jetty.server.AbstractConnector ? - Started ServerConnector@338270ea{HTTP/1.1, (http/1.1)}{0.0.0.0:8081}
2021-08-23 15:09:01,797 [main] INFO  o.s.b.w.e.jetty.JettyWebServer ? - Jetty started on port(s) 8081 (http/1.1) with context path '/'
2021-08-23 15:09:01,933 [main] INFO  o.s.b.w.e.j.JettyServletWebServerFactory ? - Server initialized with port: 8083
2021-08-23 15:09:01,933 [main] INFO  org.eclipse.jetty.server.Server ? - jetty-9.4.41.v20210516; built: 2021-05-16T23:56:28.993Z; git: 98607f93c7833e7dc59489b13f3cb0a114fb9f4c; jvm 1.8.0_221-b11
2021-08-23 15:09:01,935 [main] INFO  o.e.j.s.h.ContextHandler.application ? - Initializing Spring embedded WebApplicationContext
2021-08-23 15:09:01,935 [main] INFO  o.s.b.w.s.c.ServletWebServerApplicationContext ? - Root WebApplicationContext: initialization completed in 131 ms
2021-08-23 15:09:01,941 [main] INFO  org.eclipse.jetty.server.session 334 - DefaultSessionIdManager workerName=node0
2021-08-23 15:09:01,942 [main] INFO  org.eclipse.jetty.server.session ? - No SessionScavenger set, using defaults
2021-08-23 15:09:01,942 [main] INFO  org.eclipse.jetty.server.session ? - node0 Scavenging every 660000ms
2021-08-23 15:09:01,943 [main] INFO  o.e.j.server.handler.ContextHandler ? - Started o.s.b.w.e.j.JettyEmbeddedWebAppContext@4353146f{application,/,[file:///private/var/folders/38/74d4vy_9311c3tf8btmwbwzc0000gn/T/jetty-docbase.8083.6688056888247536694/, jar:file:/Users/hepengchong/.m2/repository/org/webjars/swagger-ui/3.45.0/swagger-ui-3.45.0.jar!/META-INF/resources],AVAILABLE}
2021-08-23 15:09:01,943 [main] INFO  org.eclipse.jetty.server.Server ? - Started @31296ms
2021-08-23 15:09:01,955 [main] INFO  o.s.b.a.e.web.EndpointLinksResolver ? - Exposing 16 endpoint(s) beneath base path '/actuator'
2021-08-23 15:09:02,782 [load-test-data-0-C-1] INFO  org.apache.kafka.clients.Metadata ? - [Consumer clientId=consumer-metersphere_group_id-2, groupId=metersphere_group_id] Cluster ID: B88yemvQSy2cf7VyWPfEKQ
2021-08-23 15:09:02,782 [ms-api-exec-consume-0-C-1] INFO  org.apache.kafka.clients.Metadata 279 - [Consumer clientId=consumer-metersphere_group_id-1, groupId=metersphere_group_id] Cluster ID: B88yemvQSy2cf7VyWPfEKQ
2021-08-23 15:09:02,785 [load-test-data-0-C-1] INFO  o.a.k.c.c.i.AbstractCoordinator ? - [Consumer clientId=consumer-metersphere_group_id-2, groupId=metersphere_group_id] Discovered group coordinator 10.10.8.15:9092 (id: 2147483647 rack: null)
2021-08-23 15:09:02,785 [ms-api-exec-consume-0-C-1] INFO  o.a.k.c.c.i.AbstractCoordinator ? - [Consumer clientId=consumer-metersphere_group_id-1, groupId=metersphere_group_id] Discovered group coordinator 10.10.8.15:9092 (id: 2147483647 rack: null)
2021-08-23 15:09:02,791 [ms-api-exec-consume-0-C-1] INFO  o.a.k.c.c.i.AbstractCoordinator ? - [Consumer clientId=consumer-metersphere_group_id-1, groupId=metersphere_group_id] (Re-)joining group
2021-08-23 15:09:02,791 [load-test-data-0-C-1] INFO  o.a.k.c.c.i.AbstractCoordinator ? - [Consumer clientId=consumer-metersphere_group_id-2, groupId=metersphere_group_id] (Re-)joining group
2021-08-23 15:09:02,817 [main] INFO  o.e.j.s.h.ContextHandler.application ? - Initializing Spring DispatcherServlet 'dispatcherServlet'
2021-08-23 15:09:02,817 [main] INFO  o.s.web.servlet.DispatcherServlet ? - Initializing Servlet 'dispatcherServlet'
2021-08-23 15:09:02,818 [main] INFO  o.s.web.servlet.DispatcherServlet ? - Completed initialization in 0 ms
2021-08-23 15:09:02,820 [main] INFO  o.e.jetty.server.AbstractConnector ? - Started ServerConnector@463fc3f6{HTTP/1.1, (http/1.1)}{0.0.0.0:8083}
2021-08-23 15:09:02,821 [main] INFO  o.s.b.w.e.jetty.JettyWebServer ? - Jetty started on port(s) 8083 (http/1.1) with context path '/'
2021-08-23 15:09:02,846 [ms-api-exec-consume-0-C-1] INFO  o.a.k.c.c.i.AbstractCoordinator 538 - [Consumer clientId=consumer-metersphere_group_id-1, groupId=metersphere_group_id] (Re-)joining group
2021-08-23 15:09:02,846 [load-test-data-0-C-1] INFO  o.a.k.c.c.i.AbstractCoordinator 538 - [Consumer clientId=consumer-metersphere_group_id-2, groupId=metersphere_group_id] (Re-)joining group
2021-08-23 15:09:03,270 [main] INFO  o.s.s.quartz.SchedulerFactoryBean ? - Will start Quartz Scheduler [clusterScheduler] in 60 seconds
2021-08-23 15:09:03,362 [main] INFO  io.metersphere.Application ? - Started Application in 25.037 seconds (JVM running for 32.715)
2021-08-23 15:09:03,367 [main] INFO  o.s.b.a.ApplicationAvailabilityBean ? - Application availability state LivenessState changed to CORRECT
2021-08-23 15:09:05,589 [ms-api-exec-consume-0-C-1] INFO  o.a.k.c.c.i.AbstractCoordinator ? - [Consumer clientId=consumer-metersphere_group_id-1, groupId=metersphere_group_id] Successfully joined group with generation Generation{generationId=1851, memberId='consumer-metersphere_group_id-1-e7af42d8-baca-4466-b285-c5735f213370', protocol='range'}
2021-08-23 15:09:05,589 [load-test-data-0-C-1] INFO  o.a.k.c.c.i.AbstractCoordinator 594 - [Consumer clientId=consumer-metersphere_group_id-2, groupId=metersphere_group_id] Successfully joined group with generation Generation{generationId=1851, memberId='consumer-metersphere_group_id-2-f7deb9db-35d5-4739-b115-7920b7b83ac3', protocol='range'}
2021-08-23 15:09:05,839 [load-test-data-0-C-1] INFO  o.a.k.c.c.i.AbstractCoordinator ? - [Consumer clientId=consumer-metersphere_group_id-2, groupId=metersphere_group_id] Successfully synced group in generation Generation{generationId=1851, memberId='consumer-metersphere_group_id-2-f7deb9db-35d5-4739-b115-7920b7b83ac3', protocol='range'}
2021-08-23 15:09:05,839 [ms-api-exec-consume-0-C-1] INFO  o.a.k.c.c.i.AbstractCoordinator 754 - [Consumer clientId=consumer-metersphere_group_id-1, groupId=metersphere_group_id] Successfully synced group in generation Generation{generationId=1851, memberId='consumer-metersphere_group_id-1-e7af42d8-baca-4466-b285-c5735f213370', protocol='range'}
2021-08-23 15:09:05,842 [ms-api-exec-consume-0-C-1] INFO  o.a.k.c.c.i.ConsumerCoordinator ? - [Consumer clientId=consumer-metersphere_group_id-1, groupId=metersphere_group_id] Notifying assignor about the new Assignment(partitions=[])
2021-08-23 15:09:05,842 [load-test-data-0-C-1] INFO  o.a.k.c.c.i.ConsumerCoordinator 276 - [Consumer clientId=consumer-metersphere_group_id-2, groupId=metersphere_group_id] Notifying assignor about the new Assignment(partitions=[])
2021-08-23 15:09:05,843 [load-test-data-0-C-1] INFO  o.a.k.c.c.i.ConsumerCoordinator ? - [Consumer clientId=consumer-metersphere_group_id-2, groupId=metersphere_group_id] Adding newly assigned partitions: 
2021-08-23 15:09:05,843 [ms-api-exec-consume-0-C-1] INFO  o.a.k.c.c.i.ConsumerCoordinator 288 - [Consumer clientId=consumer-metersphere_group_id-1, groupId=metersphere_group_id] Adding newly assigned partitions: 
2021-08-23 15:09:05,844 [load-test-data-0-C-1] INFO  o.s.k.l.KafkaMessageListenerContainer ? - metersphere_group_id: partitions assigned: []
2021-08-23 15:09:05,844 [ms-api-exec-consume-0-C-1] INFO  o.s.k.l.KafkaMessageListenerContainer ? - metersphere_group_id: partitions assigned: []
2021-08-23 15:09:35,455 [qtp1716645796-81] INFO  o.a.s.s.m.AbstractValidatingSessionManager ? - Enabling session validation scheduler...
2021-08-23 15:10:03,276 [Quartz Scheduler [clusterScheduler]] INFO  o.s.s.quartz.SchedulerFactoryBean 748 - Starting Quartz Scheduler now, after delay of 60 seconds
2021-08-23 15:10:03,276 [Quartz Scheduler [clusterScheduler]] INFO  org.quartz.core.QuartzScheduler 547 - Scheduler clusterScheduler_$_hepengchongdeMacBook-Pro-2.local1629702525540 started.
2021-08-23 15:10:03,366 [Thread-89] INFO  org.quartz.core.QuartzScheduler 547 - Scheduler clusterScheduler_$_hepengchongdeMacBook-Pro-2.local1629702525540 started.
2021-08-23 15:10:03,449 [Thread-87] INFO  org.quartz.core.QuartzScheduler ? - Scheduler clusterScheduler_$_hepengchongdeMacBook-Pro-2.local1629702525540 started.
2021-08-23 15:10:26,892 [kafka-coordinator-heartbeat-thread | metersphere_group_id] INFO  o.a.k.c.c.i.AbstractCoordinator 907 - [Consumer clientId=consumer-metersphere_group_id-1, groupId=metersphere_group_id] Group coordinator 10.10.8.15:9092 (id: 2147483647 rack: null) is unavailable or invalid due to cause: session timed out without receiving a heartbeat response.isDisconnected: false. Rediscovery will be attempted.
2021-08-23 15:10:26,892 [kafka-coordinator-heartbeat-thread | metersphere_group_id] INFO  o.a.k.c.c.i.AbstractCoordinator 907 - [Consumer clientId=consumer-metersphere_group_id-2, groupId=metersphere_group_id] Group coordinator 10.10.8.15:9092 (id: 2147483647 rack: null) is unavailable or invalid due to cause: session timed out without receiving a heartbeat response.isDisconnected: false. Rediscovery will be attempted.
2021-08-23 15:10:26,955 [load-test-data-0-C-1] INFO  o.a.k.c.c.i.AbstractCoordinator ? - [Consumer clientId=consumer-metersphere_group_id-2, groupId=metersphere_group_id] Discovered group coordinator 10.10.8.15:9092 (id: 2147483647 rack: null)
2021-08-23 15:10:26,955 [ms-api-exec-consume-0-C-1] INFO  o.a.k.c.c.i.AbstractCoordinator 844 - [Consumer clientId=consumer-metersphere_group_id-1, groupId=metersphere_group_id] Discovered group coordinator 10.10.8.15:9092 (id: 2147483647 rack: null)
2021-08-23 15:10:26,956 [load-test-data-0-C-1] INFO  o.a.k.c.c.i.AbstractCoordinator 844 - [Consumer clientId=consumer-metersphere_group_id-2, groupId=metersphere_group_id] Discovered group coordinator 10.10.8.15:9092 (id: 2147483647 rack: null)
2021-08-23 15:10:26,956 [ms-api-exec-consume-0-C-1] INFO  o.a.k.c.c.i.AbstractCoordinator 844 - [Consumer clientId=consumer-metersphere_group_id-1, groupId=metersphere_group_id] Discovered group coordinator 10.10.8.15:9092 (id: 2147483647 rack: null)
2021-08-23 15:10:26,956 [load-test-data-0-C-1] INFO  o.a.k.c.c.i.AbstractCoordinator ? - [Consumer clientId=consumer-metersphere_group_id-2, groupId=metersphere_group_id] Discovered group coordinator 10.10.8.15:9092 (id: 2147483647 rack: null)
2021-08-23 15:10:26,956 [ms-api-exec-consume-0-C-1] INFO  o.a.k.c.c.i.AbstractCoordinator ? - [Consumer clientId=consumer-metersphere_group_id-1, groupId=metersphere_group_id] Discovered group coordinator 10.10.8.15:9092 (id: 2147483647 rack: null)
2021-08-23 15:10:26,985 [main] INFO  i.m.service.ScheduleService ? - Method[lambda$startEnableSchedules$0][初始化任务：{"createTime":1628786196000,"enable":true,"group":"ISSUE_SYNC","id":"7a23d4db-9909-438d-9e36-58e432c8c4ae","job":"io.metersphere.job.sechedule.IssueSyncJob","key":"ISSUE_SYNC","name":"ISSUE_SYNC","projectId":"system","resourceId":"system","type":"CRON","updateTime":1628786196000,"userId":"admin","value":"0 0 3 * * ?","workspaceId":"system"}]
2021-08-23 15:10:26,987 [main] INFO  i.m.job.sechedule.ScheduleManager ? - Method[addOrUpdateCronJob][AddOrUpdateCronJob: ISSUE_SYNC,ISSUE_SYNC]
2021-08-23 15:10:27,004 [main] INFO  i.m.job.sechedule.ScheduleManager ? - Method[addCronJob][addCronJob: ISSUE_SYNC,ISSUE_SYNC]
2021-08-23 15:10:27,008 [ms-api-exec-consume-0-C-1] INFO  o.a.k.c.c.i.AbstractCoordinator ? - [Consumer clientId=consumer-metersphere_group_id-1, groupId=metersphere_group_id] Attempt to heartbeat with Generation{generationId=1851, memberId='consumer-metersphere_group_id-1-e7af42d8-baca-4466-b285-c5735f213370', protocol='range'} and group instance id Optional.empty failed due to UNKNOWN_MEMBER_ID, resetting generation
2021-08-23 15:10:27,008 [ms-api-exec-consume-0-C-1] INFO  o.a.k.c.c.i.AbstractCoordinator ? - [Consumer clientId=consumer-metersphere_group_id-1, groupId=metersphere_group_id] (Re-)joining group
2021-08-23 15:10:27,018 [load-test-data-0-C-1] INFO  o.a.k.c.c.i.AbstractCoordinator ? - [Consumer clientId=consumer-metersphere_group_id-2, groupId=metersphere_group_id] Attempt to heartbeat with Generation{generationId=1851, memberId='consumer-metersphere_group_id-2-f7deb9db-35d5-4739-b115-7920b7b83ac3', protocol='range'} and group instance id Optional.empty failed due to UNKNOWN_MEMBER_ID, resetting generation
2021-08-23 15:10:27,019 [load-test-data-0-C-1] INFO  o.a.k.c.c.i.AbstractCoordinator ? - [Consumer clientId=consumer-metersphere_group_id-2, groupId=metersphere_group_id] (Re-)joining group
2021-08-23 15:10:27,026 [ms-api-exec-consume-0-C-1] INFO  o.a.k.c.c.i.AbstractCoordinator 538 - [Consumer clientId=consumer-metersphere_group_id-1, groupId=metersphere_group_id] (Re-)joining group
2021-08-23 15:10:27,037 [load-test-data-0-C-1] INFO  o.a.k.c.c.i.AbstractCoordinator ? - [Consumer clientId=consumer-metersphere_group_id-2, groupId=metersphere_group_id] (Re-)joining group
2021-08-23 15:10:27,259 [main] INFO  o.s.b.a.ApplicationAvailabilityBean ? - Application availability state ReadinessState changed to ACCEPTING_TRAFFIC
2021-08-23 15:10:29,602 [ms-api-exec-consume-0-C-1] INFO  o.a.k.c.c.i.AbstractCoordinator ? - [Consumer clientId=consumer-metersphere_group_id-1, groupId=metersphere_group_id] Successfully joined group with generation Generation{generationId=1853, memberId='consumer-metersphere_group_id-1-5566e459-b082-4359-a310-d15688b4fdc9', protocol='range'}
2021-08-23 15:10:29,602 [load-test-data-0-C-1] INFO  o.a.k.c.c.i.AbstractCoordinator ? - [Consumer clientId=consumer-metersphere_group_id-2, groupId=metersphere_group_id] Successfully joined group with generation Generation{generationId=1853, memberId='consumer-metersphere_group_id-2-683ba87b-3b89-4c81-acf1-930e2fb86f9f', protocol='range'}
2021-08-23 15:10:29,968 [ms-api-exec-consume-0-C-1] INFO  o.a.k.c.c.i.AbstractCoordinator ? - [Consumer clientId=consumer-metersphere_group_id-1, groupId=metersphere_group_id] Successfully synced group in generation Generation{generationId=1853, memberId='consumer-metersphere_group_id-1-5566e459-b082-4359-a310-d15688b4fdc9', protocol='range'}
2021-08-23 15:10:29,968 [load-test-data-0-C-1] INFO  o.a.k.c.c.i.AbstractCoordinator 754 - [Consumer clientId=consumer-metersphere_group_id-2, groupId=metersphere_group_id] Successfully synced group in generation Generation{generationId=1853, memberId='consumer-metersphere_group_id-2-683ba87b-3b89-4c81-acf1-930e2fb86f9f', protocol='range'}
2021-08-23 15:10:29,968 [load-test-data-0-C-1] INFO  o.a.k.c.c.i.ConsumerCoordinator ? - [Consumer clientId=consumer-metersphere_group_id-2, groupId=metersphere_group_id] Notifying assignor about the new Assignment(partitions=[JMETER_TESTS-0])
2021-08-23 15:10:29,968 [ms-api-exec-consume-0-C-1] INFO  o.a.k.c.c.i.ConsumerCoordinator 276 - [Consumer clientId=consumer-metersphere_group_id-1, groupId=metersphere_group_id] Notifying assignor about the new Assignment(partitions=[ms-api-exec-topic-0])
2021-08-23 15:10:29,972 [load-test-data-0-C-1] INFO  o.a.k.c.c.i.ConsumerCoordinator ? - [Consumer clientId=consumer-metersphere_group_id-2, groupId=metersphere_group_id] Adding newly assigned partitions: JMETER_TESTS-0
2021-08-23 15:10:29,972 [ms-api-exec-consume-0-C-1] INFO  o.a.k.c.c.i.ConsumerCoordinator 288 - [Consumer clientId=consumer-metersphere_group_id-1, groupId=metersphere_group_id] Adding newly assigned partitions: ms-api-exec-topic-0
2021-08-23 15:10:30,014 [ms-api-exec-consume-0-C-1] INFO  o.a.k.c.c.i.ConsumerCoordinator ? - [Consumer clientId=consumer-metersphere_group_id-1, groupId=metersphere_group_id] Setting offset for partition ms-api-exec-topic-0 to the committed offset FetchPosition{offset=0, offsetEpoch=Optional.empty, currentLeader=LeaderAndEpoch{leader=Optional[10.10.8.15:9092 (id: 0 rack: null)], epoch=0}}
2021-08-23 15:10:30,014 [load-test-data-0-C-1] INFO  o.a.k.c.c.i.ConsumerCoordinator 820 - [Consumer clientId=consumer-metersphere_group_id-2, groupId=metersphere_group_id] Setting offset for partition JMETER_TESTS-0 to the committed offset FetchPosition{offset=0, offsetEpoch=Optional.empty, currentLeader=LeaderAndEpoch{leader=Optional[10.10.8.15:9092 (id: 0 rack: null)], epoch=0}}
2021-08-23 15:10:30,015 [ms-api-exec-consume-0-C-1] INFO  o.s.k.l.KafkaMessageListenerContainer ? - metersphere_group_id: partitions assigned: [ms-api-exec-topic-0]
2021-08-23 15:10:30,015 [load-test-data-0-C-1] INFO  o.s.k.l.KafkaMessageListenerContainer 292 - metersphere_group_id: partitions assigned: [JMETER_TESTS-0]
2021-08-23 15:10:49,541 [kafka-coordinator-heartbeat-thread | metersphere_group_id] INFO  o.a.k.c.c.i.AbstractCoordinator 907 - [Consumer clientId=consumer-metersphere_group_id-2, groupId=metersphere_group_id] Group coordinator 10.10.8.15:9092 (id: 2147483647 rack: null) is unavailable or invalid due to cause: session timed out without receiving a heartbeat response.isDisconnected: false. Rediscovery will be attempted.
2021-08-23 15:10:49,541 [kafka-coordinator-heartbeat-thread | metersphere_group_id] INFO  o.a.k.c.c.i.AbstractCoordinator 907 - [Consumer clientId=consumer-metersphere_group_id-1, groupId=metersphere_group_id] Group coordinator 10.10.8.15:9092 (id: 2147483647 rack: null) is unavailable or invalid due to cause: session timed out without receiving a heartbeat response.isDisconnected: false. Rediscovery will be attempted.
2021-08-23 15:10:49,562 [load-test-data-0-C-1] INFO  o.a.k.c.c.i.AbstractCoordinator 844 - [Consumer clientId=consumer-metersphere_group_id-2, groupId=metersphere_group_id] Discovered group coordinator 10.10.8.15:9092 (id: 2147483647 rack: null)
2021-08-23 15:10:49,562 [ms-api-exec-consume-0-C-1] INFO  o.a.k.c.c.i.AbstractCoordinator 844 - [Consumer clientId=consumer-metersphere_group_id-1, groupId=metersphere_group_id] Discovered group coordinator 10.10.8.15:9092 (id: 2147483647 rack: null)
2021-08-23 15:10:49,563 [load-test-data-0-C-1] INFO  o.a.k.c.c.i.AbstractCoordinator ? - [Consumer clientId=consumer-metersphere_group_id-2, groupId=metersphere_group_id] Discovered group coordinator 10.10.8.15:9092 (id: 2147483647 rack: null)
2021-08-23 15:10:49,563 [ms-api-exec-consume-0-C-1] INFO  o.a.k.c.c.i.AbstractCoordinator ? - [Consumer clientId=consumer-metersphere_group_id-1, groupId=metersphere_group_id] Discovered group coordinator 10.10.8.15:9092 (id: 2147483647 rack: null)
2021-08-23 15:10:49,563 [ms-api-exec-consume-0-C-1] INFO  o.a.k.c.c.i.AbstractCoordinator ? - [Consumer clientId=consumer-metersphere_group_id-1, groupId=metersphere_group_id] Group coordinator 10.10.8.15:9092 (id: 2147483647 rack: null) is unavailable or invalid due to cause: coordinator unavailable.isDisconnected: false. Rediscovery will be attempted.
2021-08-23 15:10:49,563 [load-test-data-0-C-1] INFO  o.a.k.c.c.i.AbstractCoordinator 907 - [Consumer clientId=consumer-metersphere_group_id-2, groupId=metersphere_group_id] Group coordinator 10.10.8.15:9092 (id: 2147483647 rack: null) is unavailable or invalid due to cause: coordinator unavailable.isDisconnected: false. Rediscovery will be attempted.
2021-08-23 15:10:50,063 [load-test-data-0-C-1] INFO  o.a.k.c.c.i.AbstractCoordinator ? - [Consumer clientId=consumer-metersphere_group_id-2, groupId=metersphere_group_id] Discovered group coordinator 10.10.8.15:9092 (id: 2147483647 rack: null)
2021-08-23 15:10:50,063 [ms-api-exec-consume-0-C-1] INFO  o.a.k.c.c.i.AbstractCoordinator ? - [Consumer clientId=consumer-metersphere_group_id-1, groupId=metersphere_group_id] Discovered group coordinator 10.10.8.15:9092 (id: 2147483647 rack: null)
2021-08-23 15:10:50,117 [ms-api-exec-consume-0-C-1] INFO  o.a.k.c.c.i.AbstractCoordinator ? - [Consumer clientId=consumer-metersphere_group_id-1, groupId=metersphere_group_id] Attempt to heartbeat with Generation{generationId=1853, memberId='consumer-metersphere_group_id-1-5566e459-b082-4359-a310-d15688b4fdc9', protocol='range'} and group instance id Optional.empty failed due to UNKNOWN_MEMBER_ID, resetting generation
2021-08-23 15:10:50,117 [load-test-data-0-C-1] INFO  o.a.k.c.c.i.AbstractCoordinator 1130 - [Consumer clientId=consumer-metersphere_group_id-2, groupId=metersphere_group_id] Attempt to heartbeat with Generation{generationId=1853, memberId='consumer-metersphere_group_id-2-683ba87b-3b89-4c81-acf1-930e2fb86f9f', protocol='range'} and group instance id Optional.empty failed due to UNKNOWN_MEMBER_ID, resetting generation
2021-08-23 15:10:50,118 [load-test-data-0-C-1] INFO  o.a.k.c.c.i.ConsumerCoordinator ? - [Consumer clientId=consumer-metersphere_group_id-2, groupId=metersphere_group_id] Giving away all assigned partitions as lost since generation has been reset,indicating that consumer is no longer part of the group
2021-08-23 15:10:50,118 [ms-api-exec-consume-0-C-1] INFO  o.a.k.c.c.i.ConsumerCoordinator 691 - [Consumer clientId=consumer-metersphere_group_id-1, groupId=metersphere_group_id] Giving away all assigned partitions as lost since generation has been reset,indicating that consumer is no longer part of the group
2021-08-23 15:10:50,118 [load-test-data-0-C-1] INFO  o.a.k.c.c.i.ConsumerCoordinator ? - [Consumer clientId=consumer-metersphere_group_id-2, groupId=metersphere_group_id] Lost previously assigned partitions JMETER_TESTS-0
2021-08-23 15:10:50,118 [ms-api-exec-consume-0-C-1] INFO  o.a.k.c.c.i.ConsumerCoordinator ? - [Consumer clientId=consumer-metersphere_group_id-1, groupId=metersphere_group_id] Lost previously assigned partitions ms-api-exec-topic-0
2021-08-23 15:10:50,118 [ms-api-exec-consume-0-C-1] INFO  o.s.k.l.KafkaMessageListenerContainer ? - metersphere_group_id: partitions lost: [ms-api-exec-topic-0]
2021-08-23 15:10:50,118 [load-test-data-0-C-1] INFO  o.s.k.l.KafkaMessageListenerContainer 292 - metersphere_group_id: partitions lost: [JMETER_TESTS-0]
2021-08-23 15:10:50,118 [ms-api-exec-consume-0-C-1] INFO  o.s.k.l.KafkaMessageListenerContainer ? - metersphere_group_id: partitions revoked: [ms-api-exec-topic-0]
2021-08-23 15:10:50,118 [load-test-data-0-C-1] INFO  o.s.k.l.KafkaMessageListenerContainer 292 - metersphere_group_id: partitions revoked: [JMETER_TESTS-0]
2021-08-23 15:10:50,119 [load-test-data-0-C-1] INFO  o.a.k.c.c.i.AbstractCoordinator ? - [Consumer clientId=consumer-metersphere_group_id-2, groupId=metersphere_group_id] (Re-)joining group
2021-08-23 15:10:50,119 [ms-api-exec-consume-0-C-1] INFO  o.a.k.c.c.i.AbstractCoordinator ? - [Consumer clientId=consumer-metersphere_group_id-1, groupId=metersphere_group_id] (Re-)joining group
2021-08-23 15:10:50,137 [ms-api-exec-consume-0-C-1] INFO  o.a.k.c.c.i.AbstractCoordinator ? - [Consumer clientId=consumer-metersphere_group_id-1, groupId=metersphere_group_id] (Re-)joining group
2021-08-23 15:10:50,137 [load-test-data-0-C-1] INFO  o.a.k.c.c.i.AbstractCoordinator 538 - [Consumer clientId=consumer-metersphere_group_id-2, groupId=metersphere_group_id] (Re-)joining group
2021-08-23 15:10:50,606 [ms-api-exec-consume-0-C-1] INFO  o.a.k.c.c.i.AbstractCoordinator 594 - [Consumer clientId=consumer-metersphere_group_id-1, groupId=metersphere_group_id] Successfully joined group with generation Generation{generationId=1854, memberId='consumer-metersphere_group_id-1-50529740-de7e-4b26-aee6-6a3159f4355f', protocol='range'}
2021-08-23 15:10:50,606 [load-test-data-0-C-1] INFO  o.a.k.c.c.i.AbstractCoordinator ? - [Consumer clientId=consumer-metersphere_group_id-2, groupId=metersphere_group_id] Successfully joined group with generation Generation{generationId=1854, memberId='consumer-metersphere_group_id-2-d588f74c-62d4-4248-a645-def59a0c7dbb', protocol='range'}
2021-08-23 15:10:50,626 [load-test-data-0-C-1] INFO  o.a.k.c.c.i.AbstractCoordinator ? - [Consumer clientId=consumer-metersphere_group_id-2, groupId=metersphere_group_id] Successfully synced group in generation Generation{generationId=1854, memberId='consumer-metersphere_group_id-2-d588f74c-62d4-4248-a645-def59a0c7dbb', protocol='range'}
2021-08-23 15:10:50,627 [ms-api-exec-consume-0-C-1] INFO  o.a.k.c.c.i.AbstractCoordinator 754 - [Consumer clientId=consumer-metersphere_group_id-1, groupId=metersphere_group_id] Successfully synced group in generation Generation{generationId=1854, memberId='consumer-metersphere_group_id-1-50529740-de7e-4b26-aee6-6a3159f4355f', protocol='range'}
2021-08-23 15:10:50,627 [load-test-data-0-C-1] INFO  o.a.k.c.c.i.ConsumerCoordinator 276 - [Consumer clientId=consumer-metersphere_group_id-2, groupId=metersphere_group_id] Notifying assignor about the new Assignment(partitions=[])
2021-08-23 15:10:50,627 [ms-api-exec-consume-0-C-1] INFO  o.a.k.c.c.i.ConsumerCoordinator 276 - [Consumer clientId=consumer-metersphere_group_id-1, groupId=metersphere_group_id] Notifying assignor about the new Assignment(partitions=[ms-api-exec-topic-0])
2021-08-23 15:10:50,627 [ms-api-exec-consume-0-C-1] INFO  o.a.k.c.c.i.ConsumerCoordinator 288 - [Consumer clientId=consumer-metersphere_group_id-1, groupId=metersphere_group_id] Adding newly assigned partitions: ms-api-exec-topic-0
2021-08-23 15:10:50,627 [load-test-data-0-C-1] INFO  o.a.k.c.c.i.ConsumerCoordinator 288 - [Consumer clientId=consumer-metersphere_group_id-2, groupId=metersphere_group_id] Adding newly assigned partitions: 
2021-08-23 15:10:50,628 [load-test-data-0-C-1] INFO  o.s.k.l.KafkaMessageListenerContainer 292 - metersphere_group_id: partitions assigned: []
2021-08-23 15:10:50,658 [ms-api-exec-consume-0-C-1] INFO  o.a.k.c.c.i.ConsumerCoordinator ? - [Consumer clientId=consumer-metersphere_group_id-1, groupId=metersphere_group_id] Setting offset for partition ms-api-exec-topic-0 to the committed offset FetchPosition{offset=0, offsetEpoch=Optional.empty, currentLeader=LeaderAndEpoch{leader=Optional[10.10.8.15:9092 (id: 0 rack: null)], epoch=0}}
2021-08-23 15:10:50,659 [ms-api-exec-consume-0-C-1] INFO  o.s.k.l.KafkaMessageListenerContainer ? - metersphere_group_id: partitions assigned: [ms-api-exec-topic-0]
